<?xml version="1.0" encoding="UTF-8"?>
<!-- Generated by org.testng.reporters.JUnitReportReporter -->
<testsuite skipped="0" hostname="DESKTOP-0SDSHUM" name="runner.TestRunnerAPI" tests="1" failures="0" timestamp="2022-12-20T22:33:21 IST" time="16.312" errors="0">
  <testcase name="feature" time="16.312" classname="runner.TestRunnerAPI"/>
  <system-out/>
</testsuite> <!-- runner.TestRunnerAPI -->
