<?xml version="1.0" encoding="UTF-8"?>
<!-- Generated by org.testng.reporters.JUnitReportReporter -->
<testsuite skipped="0" hostname="DESKTOP-0SDSHUM" name="runner.TestRunnerDB" tests="1" failures="0" timestamp="2022-12-20T19:06:45 IST" time="34.745" errors="0">
  <testcase name="feature" time="34.745" classname="runner.TestRunnerDB"/>
  <system-out/>
</testsuite> <!-- runner.TestRunnerDB -->
